  main.c
c:\users\jaehyung\desktop\algorism\accimentexam\accimentexam\main.c(17): warning C4047: '!=': 'int'의 간접 참조 수준이 'void *'과(와) 다릅니다.
c:\users\jaehyung\desktop\algorism\accimentexam\accimentexam\main.c(27): warning C4047: '!=': 'int'의 간접 참조 수준이 'void *'과(와) 다릅니다.
c:\users\jaehyung\desktop\algorism\accimentexam\accimentexam\main.c(91): warning C4013: 'malloc'이(가) 정의되지 않았습니다. extern은 int형을 반환하는 것으로 간주합니다.
c:\users\jaehyung\desktop\algorism\accimentexam\accimentexam\main.c(91): warning C4312: '형식 캐스팅': 'int'에서 더 큰 'node *'(으)로의 변환입니다.
c:\users\jaehyung\desktop\algorism\accimentexam\accimentexam\main.c(153): warning C4013: 'free'이(가) 정의되지 않았습니다. extern은 int형을 반환하는 것으로 간주합니다.
c:\users\jaehyung\desktop\algorism\accimentexam\accimentexam\main.c(233): warning C4013: 'atoi'이(가) 정의되지 않았습니다. extern은 int형을 반환하는 것으로 간주합니다.
c:\users\jaehyung\desktop\algorism\accimentexam\accimentexam\main.c(266): warning C4013: 'exit'이(가) 정의되지 않았습니다. extern은 int형을 반환하는 것으로 간주합니다.
c:\users\jaehyung\desktop\algorism\accimentexam\accimentexam\main.c(269): warning C4013: 'system'이(가) 정의되지 않았습니다. extern은 int형을 반환하는 것으로 간주합니다.
c:\users\jaehyung\desktop\algorism\accimentexam\accimentexam\main.c(228): error C4996: 'scanf': This function or variable may be unsafe. Consider using scanf_s instead. To disable deprecation, use _CRT_SECURE_NO_WARNINGS. See online help for details.
  c:\program files (x86)\windows kits\10\include\10.0.15063.0\ucrt\stdio.h(1272): note: 'scanf' 선언을 참조하십시오.
c:\users\jaehyung\desktop\algorism\accimentexam\accimentexam\main.c(230): error C4996: 'fopen': This function or variable may be unsafe. Consider using fopen_s instead. To disable deprecation, use _CRT_SECURE_NO_WARNINGS. See online help for details.
  c:\program files (x86)\windows kits\10\include\10.0.15063.0\ucrt\stdio.h(207): note: 'fopen' 선언을 참조하십시오.
c:\users\jaehyung\desktop\algorism\accimentexam\accimentexam\main.c(242): error C4996: 'scanf': This function or variable may be unsafe. Consider using scanf_s instead. To disable deprecation, use _CRT_SECURE_NO_WARNINGS. See online help for details.
  c:\program files (x86)\windows kits\10\include\10.0.15063.0\ucrt\stdio.h(1272): note: 'scanf' 선언을 참조하십시오.
c:\users\jaehyung\desktop\algorism\accimentexam\accimentexam\main.c(250): error C4996: 'scanf': This function or variable may be unsafe. Consider using scanf_s instead. To disable deprecation, use _CRT_SECURE_NO_WARNINGS. See online help for details.
  c:\program files (x86)\windows kits\10\include\10.0.15063.0\ucrt\stdio.h(1272): note: 'scanf' 선언을 참조하십시오.
c:\users\jaehyung\desktop\algorism\accimentexam\accimentexam\main.c(260): error C4996: 'fopen': This function or variable may be unsafe. Consider using fopen_s instead. To disable deprecation, use _CRT_SECURE_NO_WARNINGS. See online help for details.
  c:\program files (x86)\windows kits\10\include\10.0.15063.0\ucrt\stdio.h(207): note: 'fopen' 선언을 참조하십시오.
c:\users\jaehyung\desktop\algorism\accimentexam\accimentexam\main.c(259): warning C4101: 'i' :참조되지 않은 지역 변수입니다.
